[0307/154507.020:INFO:CONSOLE(0)] "Error with Permissions-Policy header: Feature xr-spatial-tracking's parameters are ignored.", source:  (0)
[0307/154507.024:INFO:CONSOLE(0)] "Error with Permissions-Policy header: Unrecognized feature: 'ambient-light-sensor'.", source:  (0)
[0307/154507.024:INFO:CONSOLE(0)] "Error with Permissions-Policy header: Unrecognized feature: 'bluetooth'.", source:  (0)
[0307/154507.024:INFO:CONSOLE(0)] "Error with Permissions-Policy header: Unrecognized feature: 'gamepad'.", source:  (0)
[0307/154507.024:INFO:CONSOLE(0)] "Error with Permissions-Policy header: Unrecognized feature: 'local-fonts'.", source:  (0)
[0307/154507.028:INFO:CONSOLE(0)] "Error with Permissions-Policy header: Unrecognized feature: 'window-management'.", source:  (0)
[0307/154507.028:INFO:CONSOLE(0)] "Error with Permissions-Policy-Report-Only header: Feature picture-in-picture's parameters are ignored.", source:  (0)
[0307/155027.035:INFO:CONSOLE(216)] "Another connection wants to delete database 'qpl-storage'. Closing db now to resume the delete request.", source: https://web.whatsapp.com/app.febe97f47327a63e0d22.js (216)
[0307/155541.569:INFO:CONSOLE(0)] "The FetchEvent for "https://web.whatsapp.com/img/favicon-error2_fb2afa4bfd23495c7bd2555bb080bb35.png" resulted in a network error response: the promise was rejected.", source:  (0)
[0307/155541.569:INFO:CONSOLE(344)] "Uncaught (in promise) TypeError: Failed to fetch", source: https://web.whatsapp.com/serviceworker.js (344)
[0307/155542.627:INFO:CONSOLE(0)] "The FetchEvent for "https://web.whatsapp.com/img/favicon-error2_fb2afa4bfd23495c7bd2555bb080bb35.png" resulted in a network error response: the promise was rejected.", source:  (0)
[0307/155542.627:INFO:CONSOLE(344)] "Uncaught (in promise) TypeError: Failed to fetch", source: https://web.whatsapp.com/serviceworker.js (344)
[0307/155543.713:INFO:CONSOLE(0)] "The FetchEvent for "https://web.whatsapp.com/img/favicon-error2_fb2afa4bfd23495c7bd2555bb080bb35.png" resulted in a network error response: the promise was rejected.", source:  (0)
[0307/155543.717:INFO:CONSOLE(344)] "Uncaught (in promise) TypeError: Failed to fetch", source: https://web.whatsapp.com/serviceworker.js (344)
[0307/155544.810:INFO:CONSOLE(0)] "The FetchEvent for "https://web.whatsapp.com/img/favicon-error2_fb2afa4bfd23495c7bd2555bb080bb35.png" resulted in a network error response: the promise was rejected.", source:  (0)
[0307/155544.814:INFO:CONSOLE(344)] "Uncaught (in promise) TypeError: Failed to fetch", source: https://web.whatsapp.com/serviceworker.js (344)
[0307/155545.880:INFO:CONSOLE(0)] "The FetchEvent for "https://web.whatsapp.com/img/favicon-error2_fb2afa4bfd23495c7bd2555bb080bb35.png" resulted in a network error response: the promise was rejected.", source:  (0)
[0307/155545.884:INFO:CONSOLE(344)] "Uncaught (in promise) TypeError: Failed to fetch", source: https://web.whatsapp.com/serviceworker.js (344)
[0307/155546.959:INFO:CONSOLE(0)] "The FetchEvent for "https://web.whatsapp.com/img/favicon-error2_fb2afa4bfd23495c7bd2555bb080bb35.png" resulted in a network error response: the promise was rejected.", source:  (0)
[0307/155546.962:INFO:CONSOLE(344)] "Uncaught (in promise) TypeError: Failed to fetch", source: https://web.whatsapp.com/serviceworker.js (344)
[0307/155547.990:INFO:CONSOLE(0)] "The FetchEvent for "https://web.whatsapp.com/img/favicon-error2_fb2afa4bfd23495c7bd2555bb080bb35.png" resulted in a network error response: the promise was rejected.", source:  (0)
[0307/155547.994:INFO:CONSOLE(344)] "Uncaught (in promise) TypeError: Failed to fetch", source: https://web.whatsapp.com/serviceworker.js (344)
[0307/155549.023:INFO:CONSOLE(0)] "The FetchEvent for "https://web.whatsapp.com/img/favicon-error2_fb2afa4bfd23495c7bd2555bb080bb35.png" resulted in a network error response: the promise was rejected.", source:  (0)
[0307/155549.026:INFO:CONSOLE(344)] "Uncaught (in promise) TypeError: Failed to fetch", source: https://web.whatsapp.com/serviceworker.js (344)
[0307/155550.084:INFO:CONSOLE(0)] "The FetchEvent for "https://web.whatsapp.com/img/favicon-error2_fb2afa4bfd23495c7bd2555bb080bb35.png" resulted in a network error response: the promise was rejected.", source:  (0)
[0307/155550.084:INFO:CONSOLE(344)] "Uncaught (in promise) TypeError: Failed to fetch", source: https://web.whatsapp.com/serviceworker.js (344)
